{"C:\\Users\\Shelpidy\\Desktop\\schoolall-contact\\src\\services\\mail\\MailService.ts": {"path":"C:\\Users\\Shelpidy\\Desktop\\schoolall-contact\\src\\services\\mail\\MailService.ts","statementMap":{"0":{"start":{"line":2,"column":0},"end":{"line":2,"column":36}},"1":{"start":{"line":5,"column":0},"end":{"line":5,"column":28}},"2":{"start":{"line":10,"column":0},"end":{"line":10,"column":16}},"3":{"start":{"line":14,"column":36},"end":{"line":14,"column":61}},"4":{"start":{"line":21,"column":15},"end":{"line":21,"column":42}},"5":{"start":{"line":22,"column":15},"end":{"line":22,"column":36}},"6":{"start":{"line":23,"column":15},"end":{"line":23,"column":28}},"7":{"start":{"line":24,"column":15},"end":{"line":24,"column":32}},"8":{"start":{"line":25,"column":15},"end":{"line":25,"column":31}},"9":{"start":{"line":27,"column":8},"end":{"line":29,"column":36}},"10":{"start":{"line":33,"column":26},"end":{"line":33,"column":62}},"11":{"start":{"line":34,"column":30},"end":{"line":41,"column":42}},"12":{"start":{"line":42,"column":8},"end":{"line":42,"column":71}},"13":{"start":{"line":43,"column":8},"end":{"line":43,"column":20}},"14":{"start":{"line":47,"column":8},"end":{"line":47,"column":39}},"15":{"start":{"line":48,"column":8},"end":{"line":48,"column":35}},"16":{"start":{"line":49,"column":8},"end":{"line":49,"column":20}},"17":{"start":{"line":53,"column":8},"end":{"line":53,"column":41}},"18":{"start":{"line":54,"column":8},"end":{"line":54,"column":20}},"19":{"start":{"line":58,"column":8},"end":{"line":58,"column":31}},"20":{"start":{"line":59,"column":8},"end":{"line":59,"column":20}},"21":{"start":{"line":63,"column":8},"end":{"line":63,"column":33}},"22":{"start":{"line":64,"column":8},"end":{"line":64,"column":25}},"23":{"start":{"line":65,"column":8},"end":{"line":65,"column":20}},"24":{"start":{"line":69,"column":8},"end":{"line":96,"column":null}},"25":{"start":{"line":70,"column":12},"end":{"line":76,"column":14}},"26":{"start":{"line":77,"column":12},"end":{"line":77,"column":32}},"27":{"start":{"line":78,"column":12},"end":{"line":84,"column":15}},"28":{"start":{"line":79,"column":16},"end":{"line":83,"column":null}},"29":{"start":{"line":80,"column":20},"end":{"line":80,"column":30}},"30":{"start":{"line":82,"column":20},"end":{"line":82,"column":46}},"31":{"start":{"line":86,"column":33},"end":{"line":95,"column":14}},"32":{"start":{"line":16,"column":0},"end":{"line":16,"column":21}}},"fnMap":{"0":{"name":"(anonymous_1)","decl":{"start":{"line":20,"column":4},"end":{"line":20,"column":null}},"loc":{"start":{"line":25,"column":31},"end":{"line":30,"column":5}}},"1":{"name":"(anonymous_2)","decl":{"start":{"line":32,"column":11},"end":{"line":32,"column":16}},"loc":{"start":{"line":32,"column":23},"end":{"line":44,"column":5}}},"2":{"name":"(anonymous_3)","decl":{"start":{"line":46,"column":11},"end":{"line":46,"column":15}},"loc":{"start":{"line":46,"column":36},"end":{"line":50,"column":5}}},"3":{"name":"(anonymous_4)","decl":{"start":{"line":52,"column":11},"end":{"line":52,"column":13}},"loc":{"start":{"line":52,"column":34},"end":{"line":55,"column":5}}},"4":{"name":"(anonymous_5)","decl":{"start":{"line":57,"column":11},"end":{"line":57,"column":21}},"loc":{"start":{"line":57,"column":37},"end":{"line":60,"column":5}}},"5":{"name":"(anonymous_6)","decl":{"start":{"line":62,"column":11},"end":{"line":62,"column":18}},"loc":{"start":{"line":62,"column":50},"end":{"line":66,"column":5}}},"6":{"name":"(anonymous_7)","decl":{"start":{"line":68,"column":11},"end":{"line":68,"column":16}},"loc":{"start":{"line":68,"column":51},"end":{"line":97,"column":5}}},"7":{"name":"(anonymous_8)","decl":{"start":{"line":78,"column":56},"end":{"line":78,"column":57}},"loc":{"start":{"line":78,"column":64},"end":{"line":84,"column":13}}}},"branchMap":{"0":{"loc":{"start":{"line":14,"column":36},"end":{"line":14,"column":61}},"type":"binary-expr","locations":[{"start":{"line":14,"column":36},"end":{"line":14,"column":52}},{"start":{"line":14,"column":56},"end":{"line":14,"column":61}}]},"1":{"loc":{"start":{"line":27,"column":26},"end":{"line":29,"column":35}},"type":"cond-expr","locations":[{"start":{"line":28,"column":14},"end":{"line":28,"column":33}},{"start":{"line":29,"column":14},"end":{"line":29,"column":35}}]},"2":{"loc":{"start":{"line":38,"column":22},"end":{"line":38,"column":63}},"type":"binary-expr","locations":[{"start":{"line":38,"column":22},"end":{"line":38,"column":38}},{"start":{"line":38,"column":42},"end":{"line":38,"column":63}}]},"3":{"loc":{"start":{"line":39,"column":22},"end":{"line":39,"column":67}},"type":"binary-expr","locations":[{"start":{"line":39,"column":22},"end":{"line":39,"column":38}},{"start":{"line":39,"column":42},"end":{"line":39,"column":67}}]},"4":{"loc":{"start":{"line":69,"column":8},"end":{"line":96,"column":null}},"type":"if","locations":[{"start":{"line":69,"column":8},"end":{"line":96,"column":null}},{"start":{"line":85,"column":15},"end":{"line":96,"column":null}}]},"5":{"loc":{"start":{"line":71,"column":20},"end":{"line":71,"column":63}},"type":"binary-expr","locations":[{"start":{"line":71,"column":20},"end":{"line":71,"column":37}},{"start":{"line":71,"column":41},"end":{"line":71,"column":63}}]},"6":{"loc":{"start":{"line":72,"column":22},"end":{"line":72,"column":64}},"type":"binary-expr","locations":[{"start":{"line":72,"column":22},"end":{"line":72,"column":37}},{"start":{"line":72,"column":41},"end":{"line":72,"column":64}}]},"7":{"loc":{"start":{"line":74,"column":22},"end":{"line":74,"column":55}},"type":"binary-expr","locations":[{"start":{"line":74,"column":22},"end":{"line":74,"column":31}},{"start":{"line":74,"column":35},"end":{"line":74,"column":55}}]},"8":{"loc":{"start":{"line":75,"column":25},"end":{"line":75,"column":53}},"type":"binary-expr","locations":[{"start":{"line":75,"column":25},"end":{"line":75,"column":37}},{"start":{"line":75,"column":41},"end":{"line":75,"column":53}}]},"9":{"loc":{"start":{"line":79,"column":16},"end":{"line":83,"column":null}},"type":"if","locations":[{"start":{"line":79,"column":16},"end":{"line":83,"column":null}},{"start":{"line":81,"column":23},"end":{"line":83,"column":null}}]},"10":{"loc":{"start":{"line":87,"column":21},"end":{"line":87,"column":64}},"type":"binary-expr","locations":[{"start":{"line":87,"column":21},"end":{"line":87,"column":38}},{"start":{"line":87,"column":42},"end":{"line":87,"column":64}}]},"11":{"loc":{"start":{"line":88,"column":22},"end":{"line":91,"column":null}},"type":"binary-expr","locations":[{"start":{"line":88,"column":22},"end":{"line":88,"column":39}},{"start":{"line":88,"column":43},"end":{"line":91,"column":null}}]},"12":{"loc":{"start":{"line":93,"column":22},"end":{"line":93,"column":55}},"type":"binary-expr","locations":[{"start":{"line":93,"column":22},"end":{"line":93,"column":31}},{"start":{"line":93,"column":35},"end":{"line":93,"column":55}}]},"13":{"loc":{"start":{"line":94,"column":25},"end":{"line":94,"column":53}},"type":"binary-expr","locations":[{"start":{"line":94,"column":25},"end":{"line":94,"column":37}},{"start":{"line":94,"column":41},"end":{"line":94,"column":53}}]}},"s":{"0":1,"1":1,"2":1,"3":1,"4":1,"5":1,"6":1,"7":1,"8":1,"9":1,"10":0,"11":0,"12":0,"13":0,"14":0,"15":0,"16":0,"17":0,"18":0,"19":0,"20":0,"21":0,"22":0,"23":0,"24":0,"25":0,"26":0,"27":0,"28":0,"29":0,"30":0,"31":0,"32":1},"f":{"0":1,"1":0,"2":0,"3":0,"4":0,"5":0,"6":0,"7":0},"b":{"0":[1,0],"1":[0,1],"2":[0,0],"3":[0,0],"4":[0,0],"5":[0,0],"6":[0,0],"7":[0,0],"8":[0,0],"9":[0,0],"10":[0,0],"11":[0,0],"12":[0,0],"13":[0,0]}}
}
