{"C:\\Users\\Shelpidy\\Desktop\\mexu-commodity\\src\\services\\mail\\MailService.ts": {"path":"C:\\Users\\Shelpidy\\Desktop\\mexu-commodity\\src\\services\\mail\\MailService.ts","statementMap":{"0":{"start":{"line":1,"column":0},"end":{"line":1,"column":36}},"1":{"start":{"line":2,"column":0},"end":{"line":2,"column":28}},"2":{"start":{"line":8,"column":0},"end":{"line":8,"column":16}},"3":{"start":{"line":10,"column":36},"end":{"line":10,"column":66}},"4":{"start":{"line":17,"column":15},"end":{"line":17,"column":42}},"5":{"start":{"line":18,"column":15},"end":{"line":18,"column":36}},"6":{"start":{"line":19,"column":15},"end":{"line":19,"column":28}},"7":{"start":{"line":20,"column":15},"end":{"line":20,"column":32}},"8":{"start":{"line":21,"column":15},"end":{"line":21,"column":31}},"9":{"start":{"line":23,"column":8},"end":{"line":25,"column":36}},"10":{"start":{"line":30,"column":30},"end":{"line":37,"column":42}},"11":{"start":{"line":38,"column":8},"end":{"line":38,"column":71}},"12":{"start":{"line":39,"column":8},"end":{"line":39,"column":20}},"13":{"start":{"line":43,"column":8},"end":{"line":43,"column":39}},"14":{"start":{"line":44,"column":8},"end":{"line":44,"column":35}},"15":{"start":{"line":45,"column":8},"end":{"line":45,"column":20}},"16":{"start":{"line":49,"column":8},"end":{"line":49,"column":41}},"17":{"start":{"line":50,"column":8},"end":{"line":50,"column":20}},"18":{"start":{"line":54,"column":8},"end":{"line":54,"column":31}},"19":{"start":{"line":55,"column":8},"end":{"line":55,"column":20}},"20":{"start":{"line":59,"column":8},"end":{"line":59,"column":33}},"21":{"start":{"line":60,"column":8},"end":{"line":60,"column":25}},"22":{"start":{"line":61,"column":8},"end":{"line":61,"column":20}},"23":{"start":{"line":65,"column":8},"end":{"line":92,"column":null}},"24":{"start":{"line":66,"column":12},"end":{"line":72,"column":14}},"25":{"start":{"line":73,"column":12},"end":{"line":73,"column":32}},"26":{"start":{"line":74,"column":12},"end":{"line":80,"column":15}},"27":{"start":{"line":75,"column":16},"end":{"line":79,"column":null}},"28":{"start":{"line":76,"column":20},"end":{"line":76,"column":30}},"29":{"start":{"line":78,"column":20},"end":{"line":78,"column":46}},"30":{"start":{"line":82,"column":33},"end":{"line":91,"column":14}},"31":{"start":{"line":12,"column":0},"end":{"line":12,"column":21}}},"fnMap":{"0":{"name":"(anonymous_1)","decl":{"start":{"line":16,"column":4},"end":{"line":16,"column":null}},"loc":{"start":{"line":21,"column":31},"end":{"line":26,"column":5}}},"1":{"name":"(anonymous_2)","decl":{"start":{"line":28,"column":11},"end":{"line":28,"column":16}},"loc":{"start":{"line":28,"column":23},"end":{"line":40,"column":5}}},"2":{"name":"(anonymous_3)","decl":{"start":{"line":42,"column":11},"end":{"line":42,"column":15}},"loc":{"start":{"line":42,"column":36},"end":{"line":46,"column":5}}},"3":{"name":"(anonymous_4)","decl":{"start":{"line":48,"column":11},"end":{"line":48,"column":13}},"loc":{"start":{"line":48,"column":34},"end":{"line":51,"column":5}}},"4":{"name":"(anonymous_5)","decl":{"start":{"line":53,"column":11},"end":{"line":53,"column":21}},"loc":{"start":{"line":53,"column":37},"end":{"line":56,"column":5}}},"5":{"name":"(anonymous_6)","decl":{"start":{"line":58,"column":11},"end":{"line":58,"column":18}},"loc":{"start":{"line":58,"column":50},"end":{"line":62,"column":5}}},"6":{"name":"(anonymous_7)","decl":{"start":{"line":64,"column":11},"end":{"line":64,"column":16}},"loc":{"start":{"line":64,"column":51},"end":{"line":93,"column":5}}},"7":{"name":"(anonymous_8)","decl":{"start":{"line":74,"column":56},"end":{"line":74,"column":57}},"loc":{"start":{"line":74,"column":64},"end":{"line":80,"column":13}}}},"branchMap":{"0":{"loc":{"start":{"line":10,"column":36},"end":{"line":10,"column":66}},"type":"binary-expr","locations":[{"start":{"line":10,"column":36},"end":{"line":10,"column":57}},{"start":{"line":10,"column":61},"end":{"line":10,"column":66}}]},"1":{"loc":{"start":{"line":23,"column":26},"end":{"line":25,"column":35}},"type":"cond-expr","locations":[{"start":{"line":24,"column":14},"end":{"line":24,"column":33}},{"start":{"line":25,"column":14},"end":{"line":25,"column":35}}]},"2":{"loc":{"start":{"line":65,"column":8},"end":{"line":92,"column":null}},"type":"if","locations":[{"start":{"line":65,"column":8},"end":{"line":92,"column":null}},{"start":{"line":81,"column":15},"end":{"line":92,"column":null}}]},"3":{"loc":{"start":{"line":67,"column":20},"end":{"line":67,"column":64}},"type":"binary-expr","locations":[{"start":{"line":67,"column":20},"end":{"line":67,"column":37}},{"start":{"line":67,"column":41},"end":{"line":67,"column":64}}]},"4":{"loc":{"start":{"line":68,"column":22},"end":{"line":68,"column":63}},"type":"binary-expr","locations":[{"start":{"line":68,"column":22},"end":{"line":68,"column":37}},{"start":{"line":68,"column":41},"end":{"line":68,"column":63}}]},"5":{"loc":{"start":{"line":70,"column":22},"end":{"line":70,"column":55}},"type":"binary-expr","locations":[{"start":{"line":70,"column":22},"end":{"line":70,"column":31}},{"start":{"line":70,"column":35},"end":{"line":70,"column":55}}]},"6":{"loc":{"start":{"line":71,"column":25},"end":{"line":71,"column":53}},"type":"binary-expr","locations":[{"start":{"line":71,"column":25},"end":{"line":71,"column":37}},{"start":{"line":71,"column":41},"end":{"line":71,"column":53}}]},"7":{"loc":{"start":{"line":75,"column":16},"end":{"line":79,"column":null}},"type":"if","locations":[{"start":{"line":75,"column":16},"end":{"line":79,"column":null}},{"start":{"line":77,"column":23},"end":{"line":79,"column":null}}]},"8":{"loc":{"start":{"line":83,"column":21},"end":{"line":83,"column":64}},"type":"binary-expr","locations":[{"start":{"line":83,"column":21},"end":{"line":83,"column":38}},{"start":{"line":83,"column":42},"end":{"line":83,"column":64}}]},"9":{"loc":{"start":{"line":84,"column":22},"end":{"line":87,"column":null}},"type":"binary-expr","locations":[{"start":{"line":84,"column":22},"end":{"line":84,"column":39}},{"start":{"line":84,"column":43},"end":{"line":87,"column":null}}]},"10":{"loc":{"start":{"line":89,"column":22},"end":{"line":89,"column":55}},"type":"binary-expr","locations":[{"start":{"line":89,"column":22},"end":{"line":89,"column":31}},{"start":{"line":89,"column":35},"end":{"line":89,"column":55}}]},"11":{"loc":{"start":{"line":90,"column":25},"end":{"line":90,"column":53}},"type":"binary-expr","locations":[{"start":{"line":90,"column":25},"end":{"line":90,"column":37}},{"start":{"line":90,"column":41},"end":{"line":90,"column":53}}]}},"s":{"0":1,"1":1,"2":1,"3":1,"4":1,"5":1,"6":1,"7":1,"8":1,"9":1,"10":0,"11":0,"12":0,"13":0,"14":0,"15":0,"16":0,"17":0,"18":0,"19":0,"20":0,"21":0,"22":0,"23":0,"24":0,"25":0,"26":0,"27":0,"28":0,"29":0,"30":0,"31":1},"f":{"0":1,"1":0,"2":0,"3":0,"4":0,"5":0,"6":0,"7":0},"b":{"0":[1,0],"1":[0,1],"2":[0,0],"3":[0,0],"4":[0,0],"5":[0,0],"6":[0,0],"7":[0,0],"8":[0,0],"9":[0,0],"10":[0,0],"11":[0,0]}}
}
